<?xml version="1.0" encoding="UTF-8"?>
<!-- Generated by org.testng.reporters.JUnitXMLReporter -->
<testsuite ignored="2" hostname="LAPTOP-90" failures="0" tests="1" name="Default test" time="34.034" errors="0" timestamp="2023-08-18T15:37:10 IST">
  <testcase classname="com.seleniumtesting.seleniumMavenProject.seleniumTestDemo" name="openSalesApp" time="6.093"/>
  <testcase classname="com.seleniumtesting.seleniumMavenProject.seleniumTestDemo" name="leadConversionProcess" time="0.0">
    <ignored/>
  </testcase> <!-- leadConversionProcess -->
  <testcase classname="com.seleniumtesting.seleniumMavenProject.seleniumTestDemo" name="recruitmentSignupLoginProcess" time="0.0">
    <ignored/>
  </testcase> <!-- recruitmentSignupLoginProcess -->
</testsuite> <!-- Default test -->
